<?xml version="1.0" encoding="UTF-8"?>
<!-- Generated by org.testng.reporters.JUnitXMLReporter -->
<testsuite hostname="Ravi" ignored="0" name="Test" tests="8" failures="6" timestamp="14 Apr 2020 08:13:05 GMT" time="10.876" errors="0">
  <testcase name="PimPageTest" time="0.0" classname="com.htc.orange.testcases.Login">
    <failure type="org.testng.TestNGException" message="
Data Provider public java.lang.Object[][] com.htc.orange.dataprovider.MyDataProvider.PIMProvider() must return either Object[][] or Iterator&amp;lt;Object&amp;gt;[], not class [[Ljava.lang.Object;">
      <![CDATA[org.testng.TestNGException: 
Data Provider public java.lang.Object[][] com.htc.orange.dataprovider.MyDataProvider.PIMProvider() must return either Object[][] or Iterator<Object>[], not class [[Ljava.lang.Object;
	at java.util.concurrent.ThreadPoolExecutor.runWorker(ThreadPoolExecutor.java:1149)
	at java.util.concurrent.ThreadPoolExecutor$Worker.run(ThreadPoolExecutor.java:624)
	at java.lang.Thread.run(Thread.java:748)
... Removed 7 stack frames]]>
    </failure>
  </testcase> <!-- PimPageTest -->
  <testcase name="loginPageTest" time="0.0" classname="com.htc.orange.testcases.Login">
    <failure type="org.testng.TestNGException" message="
Data Provider public java.lang.Object[][] com.htc.orange.dataprovider.MyDataProvider.authentication() must return either Object[][] or Iterator&amp;lt;Object&amp;gt;[], not class [[Ljava.lang.Object;">
      <![CDATA[org.testng.TestNGException: 
Data Provider public java.lang.Object[][] com.htc.orange.dataprovider.MyDataProvider.authentication() must return either Object[][] or Iterator<Object>[], not class [[Ljava.lang.Object;
	at java.util.concurrent.ThreadPoolExecutor.runWorker(ThreadPoolExecutor.java:1149)
	at java.util.concurrent.ThreadPoolExecutor$Worker.run(ThreadPoolExecutor.java:624)
	at java.lang.Thread.run(Thread.java:748)
... Removed 7 stack frames]]>
    </failure>
  </testcase> <!-- loginPageTest -->
  <testcase name="T001_loginPageTest" time="0.0" classname="com.htc.orange.testcases.AdminTest">
    <failure type="org.testng.TestNGException" message="
Data Provider public java.lang.Object[][] com.htc.orange.dataprovider.MyDataProvider.authentication() must return either Object[][] or Iterator&amp;lt;Object&amp;gt;[], not class [[Ljava.lang.Object;">
      <![CDATA[org.testng.TestNGException: 
Data Provider public java.lang.Object[][] com.htc.orange.dataprovider.MyDataProvider.authentication() must return either Object[][] or Iterator<Object>[], not class [[Ljava.lang.Object;
	at java.util.concurrent.ThreadPoolExecutor.runWorker(ThreadPoolExecutor.java:1149)
	at java.util.concurrent.ThreadPoolExecutor$Worker.run(ThreadPoolExecutor.java:624)
	at java.lang.Thread.run(Thread.java:748)
... Removed 7 stack frames]]>
    </failure>
  </testcase> <!-- T001_loginPageTest -->
  <testcase name="T002_DashBoardTest" time="0.004" classname="com.htc.orange.testcases.AdminTest">
    <failure type="java.lang.NullPointerException">
      <![CDATA[java.lang.NullPointerException
	at com.htc.orange.testcases.AdminTest.T002_DashBoardTest(AdminTest.java:36)
	at java.util.concurrent.ThreadPoolExecutor.runWorker(ThreadPoolExecutor.java:1149)
	at java.util.concurrent.ThreadPoolExecutor$Worker.run(ThreadPoolExecutor.java:624)
	at java.lang.Thread.run(Thread.java:748)
... Removed 10 stack frames]]>
    </failure>
  </testcase> <!-- T002_DashBoardTest -->
  <testcase name="T003_addUserTest" time="0.005" classname="com.htc.orange.testcases.AdminTest">
    <failure type="java.lang.NullPointerException">
      <![CDATA[java.lang.NullPointerException
	at com.htc.orange.testcases.AdminTest.T003_addUserTest(AdminTest.java:43)
	at java.util.concurrent.ThreadPoolExecutor.runWorker(ThreadPoolExecutor.java:1149)
	at java.util.concurrent.ThreadPoolExecutor$Worker.run(ThreadPoolExecutor.java:624)
	at java.lang.Thread.run(Thread.java:748)
... Removed 10 stack frames]]>
    </failure>
  </testcase> <!-- T003_addUserTest -->
  <testcase name="T004_searchUserTest" time="0.003" classname="com.htc.orange.testcases.AdminTest">
    <failure type="java.lang.NullPointerException">
      <![CDATA[java.lang.NullPointerException
	at com.htc.orange.testcases.AdminTest.T004_searchUserTest(AdminTest.java:64)
	at java.util.concurrent.ThreadPoolExecutor.runWorker(ThreadPoolExecutor.java:1149)
	at java.util.concurrent.ThreadPoolExecutor$Worker.run(ThreadPoolExecutor.java:624)
	at java.lang.Thread.run(Thread.java:748)
... Removed 10 stack frames]]>
    </failure>
  </testcase> <!-- T004_searchUserTest -->
  <testcase name="DashBoardTest" time="0.0" classname="com.htc.orange.testcases.Login">
    <skipped/>
  </testcase> <!-- DashBoardTest -->
  <testcase name="assignPageTest" time="0.0" classname="com.htc.orange.testcases.Login">
    <skipped/>
  </testcase> <!-- assignPageTest -->
</testsuite> <!-- Test -->
