<?xml version="1.0" encoding="UTF-8"?>
<!-- Generated by org.testng.reporters.JUnitXMLReporter -->
<testsuite hostname="Ravi" ignored="0" name="Test" tests="4" failures="3" timestamp="16 Apr 2020 04:16:12 GMT" time="5.167" errors="0">
  <testcase name="PimPageTest" time="0.003" classname="com.htc.orange.testcases.Login">
    <failure type="java.lang.NullPointerException">
      <![CDATA[java.lang.NullPointerException
	at com.htc.orange.testcases.Login.PimPageTest(Login.java:59)
	at java.util.concurrent.ThreadPoolExecutor.runWorker(ThreadPoolExecutor.java:1149)
	at java.util.concurrent.ThreadPoolExecutor$Worker.run(ThreadPoolExecutor.java:624)
	at java.lang.Thread.run(Thread.java:748)
... Removed 10 stack frames]]>
    </failure>
  </testcase> <!-- PimPageTest -->
  <testcase name="DashBoardTest" time="0.001" classname="com.htc.orange.testcases.Login">
    <failure type="java.lang.NullPointerException">
      <![CDATA[java.lang.NullPointerException
	at com.htc.orange.testcases.Login.DashBoardTest(Login.java:38)
	at java.util.concurrent.ThreadPoolExecutor.runWorker(ThreadPoolExecutor.java:1149)
	at java.util.concurrent.ThreadPoolExecutor$Worker.run(ThreadPoolExecutor.java:624)
	at java.lang.Thread.run(Thread.java:748)
... Removed 10 stack frames]]>
    </failure>
  </testcase> <!-- DashBoardTest -->
  <testcase name="assignPageTest" time="0.002" classname="com.htc.orange.testcases.Login">
    <failure type="java.lang.NullPointerException">
      <![CDATA[java.lang.NullPointerException
	at com.htc.orange.testcases.Login.assignPageTest(Login.java:53)
	at java.util.concurrent.ThreadPoolExecutor.runWorker(ThreadPoolExecutor.java:1149)
	at java.util.concurrent.ThreadPoolExecutor$Worker.run(ThreadPoolExecutor.java:624)
	at java.lang.Thread.run(Thread.java:748)
... Removed 10 stack frames]]>
    </failure>
  </testcase> <!-- assignPageTest -->
  <testcase name="loginPageTest" time="4.939" classname="com.htc.orange.testcases.Login"/>
</testsuite> <!-- Test -->
