<?xml version="1.0" encoding="UTF-8"?>
<testng-results skipped="0" failed="1" ignored="0" total="4" passed="3">
  <reporter-output>
  </reporter-output>
  <suite name="Default suite" duration-ms="33255" started-at="2020-04-15T02:46:38Z" finished-at="2020-04-15T02:47:11Z">
    <groups>
    </groups>
    <test name="Default test" duration-ms="33255" started-at="2020-04-15T02:46:38Z" finished-at="2020-04-15T02:47:11Z">
      <class name="com.htc.orange.testcases.Login">
        <test-method status="FAIL" signature="PimPageTest(java.util.Map)[pri:0, instance:com.htc.orange.testcases.Login@7cd62f43]" name="PimPageTest" duration-ms="0" started-at="2020-04-14T22:46:38Z" data-provider="PIMProvider" finished-at="2020-04-14T22:46:38Z">
          <exception class="org.testng.TestNGException">
            <message>
              <![CDATA[
Data Provider public java.lang.Object[][] com.htc.orange.dataprovider.MyDataProvider.PIMProvider() must return either Object[][] or Iterator<Object>[], not class [[Ljava.lang.Object;]]>
            </message>
            <full-stacktrace>
              <![CDATA[org.testng.TestNGException: 
Data Provider public java.lang.Object[][] com.htc.orange.dataprovider.MyDataProvider.PIMProvider() must return either Object[][] or Iterator<Object>[], not class [[Ljava.lang.Object;
	at org.testng.internal.MethodInvocationHelper.invokeDataProvider(MethodInvocationHelper.java:137)
	at org.testng.internal.Parameters.handleParameters(Parameters.java:509)
	at org.testng.internal.Invoker.handleParameters(Invoker.java:1308)
	at org.testng.internal.Invoker.createParameters(Invoker.java:1036)
	at org.testng.internal.Invoker.invokeTestMethods(Invoker.java:1126)
	at org.testng.internal.TestMethodWorker.invokeTestMethods(TestMethodWorker.java:126)
	at org.testng.internal.TestMethodWorker.run(TestMethodWorker.java:109)
	at org.testng.TestRunner.privateRun(TestRunner.java:744)
	at org.testng.TestRunner.run(TestRunner.java:602)
	at org.testng.SuiteRunner.runTest(SuiteRunner.java:380)
	at org.testng.SuiteRunner.runSequentially(SuiteRunner.java:375)
	at org.testng.SuiteRunner.privateRun(SuiteRunner.java:340)
	at org.testng.SuiteRunner.run(SuiteRunner.java:289)
	at org.testng.SuiteRunnerWorker.runSuite(SuiteRunnerWorker.java:52)
	at org.testng.SuiteRunnerWorker.run(SuiteRunnerWorker.java:86)
	at org.testng.TestNG.runSuitesSequentially(TestNG.java:1301)
	at org.testng.TestNG.runSuitesLocally(TestNG.java:1226)
	at org.testng.TestNG.runSuites(TestNG.java:1144)
	at org.testng.TestNG.run(TestNG.java:1115)
	at org.testng.remote.AbstractRemoteTestNG.run(AbstractRemoteTestNG.java:132)
	at org.testng.remote.RemoteTestNG.initAndRun(RemoteTestNG.java:230)
	at org.testng.remote.RemoteTestNG.main(RemoteTestNG.java:76)
]]>
            </full-stacktrace>
          </exception> <!-- org.testng.TestNGException -->
          <reporter-output>
          </reporter-output>
        </test-method> <!-- PimPageTest -->
        <test-method status="PASS" signature="setup()[pri:0, instance:com.htc.orange.testcases.Login@7cd62f43]" name="setup" is-config="true" duration-ms="10382" started-at="2020-04-14T22:46:39Z" finished-at="2020-04-14T22:46:49Z">
          <reporter-output>
          </reporter-output>
        </test-method> <!-- setup -->
        <test-method status="PASS" signature="loginPageTest(java.util.Map)[pri:0, instance:com.htc.orange.testcases.Login@7cd62f43]" name="loginPageTest" duration-ms="13390" started-at="2020-04-14T22:46:49Z" data-provider="LoginCredentials" finished-at="2020-04-14T22:47:03Z">
          <params>
            <param index="0">
              <value>
                <![CDATA[{password=admin123, username=Admin}]]>
              </value>
            </param>
          </params>
          <reporter-output>
          </reporter-output>
        </test-method> <!-- loginPageTest -->
        <test-method status="PASS" signature="setup()[pri:0, instance:com.htc.orange.testcases.Login@7cd62f43]" name="setup" is-config="true" duration-ms="8" started-at="2020-04-14T22:47:03Z" finished-at="2020-04-14T22:47:03Z">
          <reporter-output>
          </reporter-output>
        </test-method> <!-- setup -->
        <test-method status="PASS" signature="DashBoardTest()[pri:0, instance:com.htc.orange.testcases.Login@7cd62f43]" name="DashBoardTest" duration-ms="2527" started-at="2020-04-14T22:47:03Z" depends-on-methods="com.htc.orange.testcases.Login.loginPageTest" finished-at="2020-04-14T22:47:05Z">
          <reporter-output>
          </reporter-output>
        </test-method> <!-- DashBoardTest -->
        <test-method status="PASS" signature="setup()[pri:0, instance:com.htc.orange.testcases.Login@7cd62f43]" name="setup" is-config="true" duration-ms="6" started-at="2020-04-14T22:47:05Z" finished-at="2020-04-14T22:47:05Z">
          <reporter-output>
          </reporter-output>
        </test-method> <!-- setup -->
        <test-method status="PASS" signature="assignPageTest(java.util.Map)[pri:0, instance:com.htc.orange.testcases.Login@7cd62f43]" name="assignPageTest" duration-ms="6115" started-at="2020-04-14T22:47:05Z" data-provider="AssignLeaveProvider" depends-on-methods="com.htc.orange.testcases.Login.DashBoardTest" finished-at="2020-04-14T22:47:11Z">
          <params>
            <param index="0">
              <value>
                <![CDATA[{empname=John Smith, duration=Full Day, leavetype=Vacation US, todate=2020-06-01, partialday=All Days, comment=Vacation, fromdate=2020-05-02}]]>
              </value>
            </param>
          </params>
          <reporter-output>
          </reporter-output>
        </test-method> <!-- assignPageTest -->
      </class> <!-- com.htc.orange.testcases.Login -->
    </test> <!-- Default test -->
  </suite> <!-- Default suite -->
</testng-results>
