<?xml version="1.0" encoding="UTF-8"?>
<testng-results skipped="1" failed="1" ignored="0" total="3" passed="1">
  <reporter-output>
  </reporter-output>
  <suite name="Default suite" duration-ms="21602" started-at="2020-04-16T04:17:22Z" finished-at="2020-04-16T04:17:44Z">
    <groups>
    </groups>
    <test name="Default test" duration-ms="21602" started-at="2020-04-16T04:17:22Z" finished-at="2020-04-16T04:17:44Z">
      <class name="com.htc.orange.testcases.LeaveEntitlementTest">
        <test-method status="PASS" signature="setup()[pri:0, instance:com.htc.orange.testcases.LeaveEntitlementTest@7cd62f43]" name="setup" is-config="true" duration-ms="11352" started-at="2020-04-16T00:17:23Z" finished-at="2020-04-16T00:17:35Z">
          <reporter-output>
          </reporter-output>
        </test-method> <!-- setup -->
        <test-method status="PASS" signature="T001_loginPageTest(java.util.Map)[pri:0, instance:com.htc.orange.testcases.LeaveEntitlementTest@7cd62f43]" name="T001_loginPageTest" duration-ms="9055" started-at="2020-04-16T00:17:35Z" data-provider="LoginCredentials" finished-at="2020-04-16T00:17:44Z">
          <params>
            <param index="0">
              <value>
                <![CDATA[{password=admin123, username=Admin}]]>
              </value>
            </param>
          </params>
          <reporter-output>
          </reporter-output>
        </test-method> <!-- T001_loginPageTest -->
        <test-method status="PASS" signature="setup()[pri:0, instance:com.htc.orange.testcases.LeaveEntitlementTest@7cd62f43]" name="setup" is-config="true" duration-ms="29" started-at="2020-04-16T00:17:44Z" finished-at="2020-04-16T00:17:44Z">
          <reporter-output>
          </reporter-output>
        </test-method> <!-- setup -->
        <test-method status="FAIL" signature="T002_DashBoardTest()[pri:0, instance:com.htc.orange.testcases.LeaveEntitlementTest@7cd62f43]" name="T002_DashBoardTest" duration-ms="112" started-at="2020-04-16T00:17:44Z" depends-on-methods="com.htc.orange.testcases.LeaveEntitlementTest.T001_loginPageTest" finished-at="2020-04-16T00:17:44Z">
          <exception class="java.lang.NullPointerException">
            <full-stacktrace>
              <![CDATA[java.lang.NullPointerException
	at org.openqa.selenium.support.ui.ExpectedConditions.elementIfVisible(ExpectedConditions.java:314)
	at org.openqa.selenium.support.ui.ExpectedConditions.access$000(ExpectedConditions.java:43)
	at org.openqa.selenium.support.ui.ExpectedConditions$10.apply(ExpectedConditions.java:300)
	at org.openqa.selenium.support.ui.ExpectedConditions$10.apply(ExpectedConditions.java:297)
	at org.openqa.selenium.support.ui.FluentWait.until(FluentWait.java:249)
	at com.htc.orange.base.BasePage.waitTillElementFound(BasePage.java:144)
	at com.htc.orange.pages.DashboardPage.clickLeave(DashboardPage.java:153)
	at com.htc.orange.testcases.LeaveEntitlementTest.T002_DashBoardTest(LeaveEntitlementTest.java:32)
	at sun.reflect.NativeMethodAccessorImpl.invoke0(Native Method)
	at sun.reflect.NativeMethodAccessorImpl.invoke(NativeMethodAccessorImpl.java:62)
	at sun.reflect.DelegatingMethodAccessorImpl.invoke(DelegatingMethodAccessorImpl.java:43)
	at java.lang.reflect.Method.invoke(Method.java:498)
	at org.testng.internal.MethodInvocationHelper.invokeMethod(MethodInvocationHelper.java:108)
	at org.testng.internal.Invoker.invokeMethod(Invoker.java:661)
	at org.testng.internal.Invoker.invokeTestMethod(Invoker.java:869)
	at org.testng.internal.Invoker.invokeTestMethods(Invoker.java:1193)
	at org.testng.internal.TestMethodWorker.invokeTestMethods(TestMethodWorker.java:126)
	at org.testng.internal.TestMethodWorker.run(TestMethodWorker.java:109)
	at org.testng.TestRunner.privateRun(TestRunner.java:744)
	at org.testng.TestRunner.run(TestRunner.java:602)
	at org.testng.SuiteRunner.runTest(SuiteRunner.java:380)
	at org.testng.SuiteRunner.runSequentially(SuiteRunner.java:375)
	at org.testng.SuiteRunner.privateRun(SuiteRunner.java:340)
	at org.testng.SuiteRunner.run(SuiteRunner.java:289)
	at org.testng.SuiteRunnerWorker.runSuite(SuiteRunnerWorker.java:52)
	at org.testng.SuiteRunnerWorker.run(SuiteRunnerWorker.java:86)
	at org.testng.TestNG.runSuitesSequentially(TestNG.java:1301)
	at org.testng.TestNG.runSuitesLocally(TestNG.java:1226)
	at org.testng.TestNG.runSuites(TestNG.java:1144)
	at org.testng.TestNG.run(TestNG.java:1115)
	at org.testng.remote.AbstractRemoteTestNG.run(AbstractRemoteTestNG.java:132)
	at org.testng.remote.RemoteTestNG.initAndRun(RemoteTestNG.java:230)
	at org.testng.remote.RemoteTestNG.main(RemoteTestNG.java:76)
]]>
            </full-stacktrace>
          </exception> <!-- java.lang.NullPointerException -->
          <reporter-output>
          </reporter-output>
        </test-method> <!-- T002_DashBoardTest -->
        <test-method status="SKIP" signature="T003_addEntitlementTest(java.util.Map)[pri:0, instance:com.htc.orange.testcases.LeaveEntitlementTest@7cd62f43]" name="T003_addEntitlementTest" duration-ms="0" started-at="2020-04-16T00:17:44Z" data-provider="LeaveEntitlement" depends-on-methods="com.htc.orange.testcases.LeaveEntitlementTest.T002_DashBoardTest" finished-at="2020-04-16T00:17:44Z">
          <exception class="java.lang.Throwable">
            <message>
              <![CDATA[Method LeaveEntitlementTest.T003_addEntitlementTest(java.util.Map)[pri:0, instance:com.htc.orange.testcases.LeaveEntitlementTest@7cd62f43] depends on not successfully finished methods]]>
            </message>
            <full-stacktrace>
              <![CDATA[java.lang.Throwable: Method LeaveEntitlementTest.T003_addEntitlementTest(java.util.Map)[pri:0, instance:com.htc.orange.testcases.LeaveEntitlementTest@7cd62f43] depends on not successfully finished methods
	at org.testng.internal.Invoker.invokeTestMethods(Invoker.java:1084)
	at org.testng.internal.TestMethodWorker.invokeTestMethods(TestMethodWorker.java:126)
	at org.testng.internal.TestMethodWorker.run(TestMethodWorker.java:109)
	at org.testng.TestRunner.privateRun(TestRunner.java:744)
	at org.testng.TestRunner.run(TestRunner.java:602)
	at org.testng.SuiteRunner.runTest(SuiteRunner.java:380)
	at org.testng.SuiteRunner.runSequentially(SuiteRunner.java:375)
	at org.testng.SuiteRunner.privateRun(SuiteRunner.java:340)
	at org.testng.SuiteRunner.run(SuiteRunner.java:289)
	at org.testng.SuiteRunnerWorker.runSuite(SuiteRunnerWorker.java:52)
	at org.testng.SuiteRunnerWorker.run(SuiteRunnerWorker.java:86)
	at org.testng.TestNG.runSuitesSequentially(TestNG.java:1301)
	at org.testng.TestNG.runSuitesLocally(TestNG.java:1226)
	at org.testng.TestNG.runSuites(TestNG.java:1144)
	at org.testng.TestNG.run(TestNG.java:1115)
	at org.testng.remote.AbstractRemoteTestNG.run(AbstractRemoteTestNG.java:132)
	at org.testng.remote.RemoteTestNG.initAndRun(RemoteTestNG.java:230)
	at org.testng.remote.RemoteTestNG.main(RemoteTestNG.java:76)
]]>
            </full-stacktrace>
          </exception> <!-- java.lang.Throwable -->
          <reporter-output>
          </reporter-output>
        </test-method> <!-- T003_addEntitlementTest -->
      </class> <!-- com.htc.orange.testcases.LeaveEntitlementTest -->
    </test> <!-- Default test -->
  </suite> <!-- Default suite -->
</testng-results>
